*** Using Compiler 'V5.06 update 7 (build 960)', folder: 'C:\Users\Bay_Max\Keil\core\ARM\ARMCC\Bin'
Build target 'U_RM_CM'
compiling led.c...
compiling delay.c...
compiling remote.c...
compiling freertos.c...
compiling user_adc.c...
compiling buzzer.c...
compiling user_can.c...
compiling user_spi.c...
compiling user_flash.c...
compiling user_crc32.c...
compiling user_fric.c...
compiling user_imu_pwm.c...
compiling user_usart.c...
compiling remote_dma.c...
compiling user_servo_pwm.c...
compiling main.c...
compiling chassis_task.c...
..\USER\task\chassis_behaviour.h(42): error:  #20: identifier "chassis_move_t" is undefined
  extern void chassis_behaviour_mode_set(chassis_move_t *chassis_move_mode);
..\USER\task\chassis_behaviour.h(53): error:  #20: identifier "chassis_move_t" is undefined
  extern void chassis_behaviour_control_set(fp32 *vx_set, fp32 *vy_set, fp32 *angle_set, chassis_move_t *chassis_move_rc_to_vector);
..\USER\task\chassis_task.c(465): warning:  #223-D: function "chassis_power_control" declared implicitly
    chassis_power_control(chassis_move_control_loop);
..\USER\task\chassis_task.c: 1 warning, 2 errors
compiling ist8310_driver.c...
compiling user_i2c.c...
compiling user_laser.c...
compiling chassis_power_control.c...
..\USER\task\chassis_power_control.c(35): warning:  #223-D: function "get_robot_id" declared implicitly
    uint8_t robot_id = get_robot_id();
..\USER\task\chassis_power_control.c(40): error:  #20: identifier "RED_ENGINEER" is undefined
    else if (robot_id == RED_ENGINEER || robot_id == BLUE_ENGINEER || robot_id == 0)
..\USER\task\chassis_power_control.c(40): error:  #20: identifier "BLUE_ENGINEER" is undefined
    else if (robot_id == RED_ENGINEER || robot_id == BLUE_ENGINEER || robot_id == 0)
..\USER\task\chassis_power_control.c(46): warning:  #223-D: function "get_chassis_power_and_buffer" declared implicitly
      get_chassis_power_and_buffer(&chassis_power, &chassis_power_buffer);
..\USER\task\chassis_power_control.c: 2 warnings, 2 errors
compiling ist8310_driver_middleware.c...
compiling BMI088_Middleware.c...
compiling user_rng.c...
compiling rgb_task.c...
compiling INS_task.c...
..\USER\task\INS_task.c(91): warning:  #177-D: variable "first_temperate"  was declared but never referenced
  static uint8_t first_temperate;
..\USER\task\INS_task.c: 1 warning, 0 errors
compiling detect_task.c...
compiling CAN_receive.c...
compiling power_task.c...
compiling calibrate_task.c...
compiling usb_task.c...
..\USER\task\usb_task.c(13): warning:  #177-D: variable "status"  was declared but never referenced
  static const char status[2][7] = {"OK", "ERROR!"};
..\USER\task\usb_task.c: 1 warning, 0 errors
compiling BMI088_driver.c...
compiling user_lib.c...
..\USER\task\chassis_task.h(157): error:  #20: identifier "first_order_filter_type_t" is undefined
    first_order_filter_type_t chassis_cmd_slow_set_vx;
..\USER\task\chassis_task.h(159): error:  #20: identifier "first_order_filter_type_t" is undefined
    first_order_filter_type_t chassis_cmd_slow_set_vy;
..\USER\algorithm\user_lib.c: 0 warnings, 2 errors
compiling test_task.c...
compiling user_task.c...
compiling chassis_behaviour.c...
compiling gimbal_behaviour.c...
compiling gimbal_task.c...
"U_RM_CM\U_RM_CM.axf" - 6 Error(s), 5 Warning(s).
Target not created.
Build Time Elapsed:  00:00:25
